# JRE version: Java(TM) SE Runtime Environment (7.0_51-b13) (build 1.7.0_51-b13)
# Java VM: Java HotSpot(TM) 64-Bit Server VM (24.51-b03 mixed mode windows-amd64 compressed oops)
Heap
 PSYoungGen      total 348160K, used 245780K [0x00000007aae00000, 0x00000007cc380000, 0x0000000800000000)
  eden space 201216K, 52% used [0x00000007aae00000,0x00000007b14ed1e8,0x00000007b7280000)
  from space 146944K, 95% used [0x00000007c2d80000,0x00000007cb698000,0x00000007cbd00000)
  to   space 172544K, 0% used [0x00000007b7280000,0x00000007b7280000,0x00000007c1b00000)
 ParOldGen       total 565760K, used 328428K [0x0000000700a00000, 0x0000000723280000, 0x00000007aae00000)
  object space 565760K, 58% used [0x0000000700a00000,0x0000000714abb0f0,0x0000000723280000)
 PSPermGen       total 37376K, used 16637K [0x00000006fb800000, 0x00000006fdc80000, 0x0000000700a00000)
  object space 37376K, 44% used [0x00000006fb800000,0x00000006fc83f4b8,0x00000006fdc80000)
GC Heap History (10 events):
Event: 3.551 GC heap before
{Heap before GC invocations=4 (full 1):
 PSYoungGen      total 76800K, used 10720K [0x00000007aae00000, 0x00000007b4400000, 0x0000000800000000)
  eden space 66048K, 0% used [0x00000007aae00000,0x00000007aae00000,0x00000007aee80000)
  from space 10752K, 99% used [0x00000007aee80000,0x00000007af8f8020,0x00000007af900000)
  to   space 10752K, 0% used [0x00000007b3980000,0x00000007b3980000,0x00000007b4400000)
 ParOldGen       total 174080K, used 137144K [0x0000000700a00000, 0x000000070b400000, 0x00000007aae00000)
  object space 174080K, 78% used [0x0000000700a00000,0x0000000708fee318,0x000000070b400000)
 PSPermGen       total 21504K, used 16599K [0x00000006fb800000, 0x00000006fcd00000, 0x0000000700a00000)
  object space 21504K, 77% used [0x00000006fb800000,0x00000006fc835fb8,0x00000006fcd00000)
Event: 3.661 GC heap after
Heap after GC invocations=4 (full 1):
 PSYoungGen      total 76800K, used 0K [0x00000007aae00000, 0x00000007b4400000, 0x0000000800000000)
  eden space 66048K, 0% used [0x00000007aae00000,0x00000007aae00000,0x00000007aee80000)
  from space 10752K, 0% used [0x00000007aee80000,0x00000007aee80000,0x00000007af900000)
  to   space 10752K, 0% used [0x00000007b3980000,0x00000007b3980000,0x00000007b4400000)
 ParOldGen       total 312320K, used 146219K [0x0000000700a00000, 0x0000000713b00000, 0x00000007aae00000)
  object space 312320K, 46% used [0x0000000700a00000,0x00000007098caca0,0x0000000713b00000)
 PSPermGen       total 33280K, used 16595K [0x00000006fb800000, 0x00000006fd880000, 0x0000000700a00000)
  object space 33280K, 49% used [0x00000006fb800000,0x00000006fc834c48,0x00000006fd880000)
}
Event: 3.671 GC heap before
{Heap before GC invocations=5 (full 1):
 PSYoungGen      total 76800K, used 66048K [0x00000007aae00000, 0x00000007b4400000, 0x0000000800000000)
  eden space 66048K, 100% used [0x00000007aae00000,0x00000007aee80000,0x00000007aee80000)
  from space 10752K, 0% used [0x00000007aee80000,0x00000007aee80000,0x00000007af900000)
  to   space 10752K, 0% used [0x00000007b3980000,0x00000007b3980000,0x00000007b4400000)
 ParOldGen       total 312320K, used 146219K [0x0000000700a00000, 0x0000000713b00000, 0x00000007aae00000)
  object space 312320K, 46% used [0x0000000700a00000,0x00000007098caca0,0x0000000713b00000)
 PSPermGen       total 33280K, used 16595K [0x00000006fb800000, 0x00000006fd880000, 0x0000000700a00000)
  object space 33280K, 49% used [0x00000006fb800000,0x00000006fc834c48,0x00000006fd880000)
Event: 3.688 GC heap after
Heap after GC invocations=5 (full 1):
 PSYoungGen      total 137728K, used 10752K [0x00000007aae00000, 0x00000007b4400000, 0x0000000800000000)
  eden space 126976K, 0% used [0x00000007aae00000,0x00000007aae00000,0x00000007b2a00000)
  from space 10752K, 100% used [0x00000007b3980000,0x00000007b4400000,0x00000007b4400000)
  to   space 10752K, 0% used [0x00000007b2f00000,0x00000007b2f00000,0x00000007b3980000)
 ParOldGen       total 312320K, used 200171K [0x0000000700a00000, 0x0000000713b00000, 0x00000007aae00000)
  object space 312320K, 64% used [0x0000000700a00000,0x000000070cd7aca0,0x0000000713b00000)
 PSPermGen       total 33280K, used 16595K [0x00000006fb800000, 0x00000006fd880000, 0x0000000700a00000)
  object space 33280K, 49% used [0x00000006fb800000,0x00000006fc834c48,0x00000006fd880000)
}
Event: 3.712 GC heap before
{Heap before GC invocations=6 (full 1):
 PSYoungGen      total 137728K, used 137728K [0x00000007aae00000, 0x00000007b4400000, 0x0000000800000000)
  eden space 126976K, 100% used [0x00000007aae00000,0x00000007b2a00000,0x00000007b2a00000)
  from space 10752K, 100% used [0x00000007b3980000,0x00000007b4400000,0x00000007b4400000)
  to   space 10752K, 0% used [0x00000007b2f00000,0x00000007b2f00000,0x00000007b3980000)
 ParOldGen       total 312320K, used 200171K [0x0000000700a00000, 0x0000000713b00000, 0x00000007aae00000)
  object space 312320K, 64% used [0x0000000700a00000,0x000000070cd7aca0,0x0000000713b00000)
 PSPermGen       total 33280K, used 16595K [0x00000006fb800000, 0x00000006fd880000, 0x0000000700a00000)
  object space 33280K, 49% used [0x00000006fb800000,0x00000006fc834c48,0x00000006fd880000)
Event: 3.748 GC heap after
Heap after GC invocations=6 (full 1):
 PSYoungGen      total 142848K, used 10752K [0x00000007aae00000, 0x00000007cbd00000, 0x0000000800000000)
  eden space 132096K, 0% used [0x00000007aae00000,0x00000007aae00000,0x00000007b2f00000)
  from space 10752K, 100% used [0x00000007b2f00000,0x00000007b3980000,0x00000007b3980000)
  to   space 146944K, 0% used [0x00000007c2d80000,0x00000007c2d80000,0x00000007cbd00000)
 ParOldGen       total 328704K, used 328355K [0x0000000700a00000, 0x0000000714b00000, 0x00000007aae00000)
  object space 328704K, 99% used [0x0000000700a00000,0x0000000714aa8ca0,0x0000000714b00000)
 PSPermGen       total 33280K, used 16595K [0x00000006fb800000, 0x00000006fd880000, 0x0000000700a00000)
  object space 33280K, 49% used [0x00000006fb800000,0x00000006fc834c48,0x00000006fd880000)
}
Event: 3.748 GC heap before
{Heap before GC invocations=7 (full 2):
 PSYoungGen      total 142848K, used 10752K [0x00000007aae00000, 0x00000007cbd00000, 0x0000000800000000)
  eden space 132096K, 0% used [0x00000007aae00000,0x00000007aae00000,0x00000007b2f00000)
  from space 10752K, 100% used [0x00000007b2f00000,0x00000007b3980000,0x00000007b3980000)
  to   space 146944K, 0% used [0x00000007c2d80000,0x00000007c2d80000,0x00000007cbd00000)
 ParOldGen       total 328704K, used 328355K [0x0000000700a00000, 0x0000000714b00000, 0x00000007aae00000)
  object space 328704K, 99% used [0x0000000700a00000,0x0000000714aa8ca0,0x0000000714b00000)
 PSPermGen       total 33280K, used 16595K [0x00000006fb800000, 0x00000006fd880000, 0x0000000700a00000)
  object space 33280K, 49% used [0x00000006fb800000,0x00000006fc834c48,0x00000006fd880000)
Event: 3.865 GC heap after
Heap after GC invocations=7 (full 2):
 PSYoungGen      total 142848K, used 7636K [0x00000007aae00000, 0x00000007cbd00000, 0x0000000800000000)
  eden space 132096K, 0% used [0x00000007aae00000,0x00000007aae00000,0x00000007b2f00000)
  from space 10752K, 71% used [0x00000007b2f00000,0x00000007b36750f0,0x00000007b3980000)
  to   space 146944K, 0% used [0x00000007c2d80000,0x00000007c2d80000,0x00000007cbd00000)
 ParOldGen       total 565760K, used 328428K [0x0000000700a00000, 0x0000000723280000, 0x00000007aae00000)
  object space 565760K, 58% used [0x0000000700a00000,0x0000000714abb0f0,0x0000000723280000)
 PSPermGen       total 37376K, used 16595K [0x00000006fb800000, 0x00000006fdc80000, 0x0000000700a00000)
  object space 37376K, 44% used [0x00000006fb800000,0x00000006fc834c48,0x00000006fdc80000)
}
Event: 4.336 GC heap before
{Heap before GC invocations=8 (full 2):
 PSYoungGen      total 142848K, used 139732K [0x00000007aae00000, 0x00000007cbd00000, 0x0000000800000000)
  eden space 132096K, 100% used [0x00000007aae00000,0x00000007b2f00000,0x00000007b2f00000)
  from space 10752K, 71% used [0x00000007b2f00000,0x00000007b36750f0,0x00000007b3980000)
  to   space 146944K, 0% used [0x00000007c2d80000,0x00000007c2d80000,0x00000007cbd00000)
 ParOldGen       total 565760K, used 328428K [0x0000000700a00000, 0x0000000723280000, 0x00000007aae00000)
  object space 565760K, 58% used [0x0000000700a00000,0x0000000714abb0f0,0x0000000723280000)
 PSPermGen       total 37376K, used 16610K [0x00000006fb800000, 0x00000006fdc80000, 0x0000000700a00000)
  object space 37376K, 44% used [0x00000006fb800000,0x00000006fc838898,0x00000006fdc80000)
Event: 4.380 GC heap after
Heap after GC invocations=8 (full 2):
 PSYoungGen      total 348160K, used 140384K [0x00000007aae00000, 0x00000007cc380000, 0x0000000800000000)
  eden space 201216K, 0% used [0x00000007aae00000,0x00000007aae00000,0x00000007b7280000)
  from space 146944K, 95% used [0x00000007c2d80000,0x00000007cb698000,0x00000007cbd00000)
  to   space 172544K, 0% used [0x00000007b7280000,0x00000007b7280000,0x00000007c1b00000)
 ParOldGen       total 565760K, used 328428K [0x0000000700a00000, 0x0000000723280000, 0x00000007aae00000)
  object space 565760K, 58% used [0x0000000700a00000,0x0000000714abb0f0,0x0000000723280000)
 PSPermGen       total 37376K, used 16610K [0x00000006fb800000, 0x00000006fdc80000, 0x0000000700a00000)
  object space 37376K, 44% used [0x00000006fb800000,0x00000006fc838898,0x00000006fdc80000)
}

