# JRE version: Java(TM) SE Runtime Environment (7.0_51-b13) (build 1.7.0_51-b13)
# Java VM: Java HotSpot(TM) 64-Bit Server VM (24.51-b03 mixed mode windows-amd64 compressed oops)
Heap
 PSYoungGen      total 342016K, used 243753K [0x00000007aae00000, 0x00000007d3a80000, 0x0000000800000000)
  eden space 212480K, 57% used [0x00000007aae00000,0x00000007b259d2a0,0x00000007b7d80000)
  from space 129536K, 93% used [0x00000007b7d80000,0x00000007bf3ed3a0,0x00000007bfc00000)
  to   space 159232K, 0% used [0x00000007c9f00000,0x00000007c9f00000,0x00000007d3a80000)
 ParOldGen       total 855040K, used 554844K [0x0000000700a00000, 0x0000000734d00000, 0x00000007aae00000)
  object space 855040K, 64% used [0x0000000700a00000,0x00000007227d73f0,0x0000000734d00000)
 PSPermGen       total 39424K, used 18120K [0x00000006fb800000, 0x00000006fde80000, 0x0000000700a00000)
  object space 39424K, 45% used [0x00000006fb800000,0x00000006fc9b2040,0x00000006fde80000)
GC Heap History (10 events):
Event: 3.152 GC heap before
{Heap before GC invocations=6 (full 1):
 PSYoungGen      total 139776K, used 139736K [0x00000007aae00000, 0x00000007b4400000, 0x0000000800000000)
  eden space 129024K, 99% used [0x00000007aae00000,0x00000007b2bfd9f0,0x00000007b2c00000)
  from space 10752K, 99% used [0x00000007b3980000,0x00000007b43f86f0,0x00000007b4400000)
  to   space 10752K, 0% used [0x00000007b2f00000,0x00000007b2f00000,0x00000007b3980000)
 ParOldGen       total 302592K, used 193729K [0x0000000700a00000, 0x0000000713180000, 0x00000007aae00000)
  object space 302592K, 64% used [0x0000000700a00000,0x000000070c730690,0x0000000713180000)
 PSPermGen       total 36352K, used 18061K [0x00000006fb800000, 0x00000006fdb80000, 0x0000000700a00000)
  object space 36352K, 49% used [0x00000006fb800000,0x00000006fc9a3580,0x00000006fdb80000)
Event: 3.182 GC heap after
Heap after GC invocations=6 (full 1):
 PSYoungGen      total 142848K, used 10657K [0x00000007aae00000, 0x00000007c6e00000, 0x0000000800000000)
  eden space 132096K, 0% used [0x00000007aae00000,0x00000007aae00000,0x00000007b2f00000)
  from space 10752K, 99% used [0x00000007b2f00000,0x00000007b39686e0,0x00000007b3980000)
  to   space 102912K, 0% used [0x00000007c0980000,0x00000007c0980000,0x00000007c6e00000)
 ParOldGen       total 323072K, used 322390K [0x0000000700a00000, 0x0000000714580000, 0x00000007aae00000)
  object space 323072K, 99% used [0x0000000700a00000,0x00000007144d5a50,0x0000000714580000)
 PSPermGen       total 36352K, used 18061K [0x00000006fb800000, 0x00000006fdb80000, 0x0000000700a00000)
  object space 36352K, 49% used [0x00000006fb800000,0x00000006fc9a3580,0x00000006fdb80000)
}
Event: 3.182 GC heap before
{Heap before GC invocations=7 (full 2):
 PSYoungGen      total 142848K, used 10657K [0x00000007aae00000, 0x00000007c6e00000, 0x0000000800000000)
  eden space 132096K, 0% used [0x00000007aae00000,0x00000007aae00000,0x00000007b2f00000)
  from space 10752K, 99% used [0x00000007b2f00000,0x00000007b39686e0,0x00000007b3980000)
  to   space 102912K, 0% used [0x00000007c0980000,0x00000007c0980000,0x00000007c6e00000)
 ParOldGen       total 323072K, used 322390K [0x0000000700a00000, 0x0000000714580000, 0x00000007aae00000)
  object space 323072K, 99% used [0x0000000700a00000,0x00000007144d5a50,0x0000000714580000)
 PSPermGen       total 36352K, used 18061K [0x00000006fb800000, 0x00000006fdb80000, 0x0000000700a00000)
  object space 36352K, 49% used [0x00000006fb800000,0x00000006fc9a3580,0x00000006fdb80000)
Event: 3.254 GC heap after
Heap after GC invocations=7 (full 2):
 PSYoungGen      total 142848K, used 10081K [0x00000007aae00000, 0x00000007c6e00000, 0x0000000800000000)
  eden space 132096K, 0% used [0x00000007aae00000,0x00000007aae00000,0x00000007b2f00000)
  from space 10752K, 93% used [0x00000007b2f00000,0x00000007b38d8690,0x00000007b3980000)
  to   space 102912K, 0% used [0x00000007c0980000,0x00000007c0980000,0x00000007c6e00000)
 ParOldGen       total 555008K, used 322871K [0x0000000700a00000, 0x0000000722800000, 0x00000007aae00000)
  object space 555008K, 58% used [0x0000000700a00000,0x000000071454dc28,0x0000000722800000)
 PSPermGen       total 40960K, used 18061K [0x00000006fb800000, 0x00000006fe000000, 0x0000000700a00000)
  object space 40960K, 44% used [0x00000006fb800000,0x00000006fc9a3580,0x00000006fe000000)
}
Event: 3.268 GC heap before
{Heap before GC invocations=8 (full 2):
 PSYoungGen      total 142848K, used 142157K [0x00000007aae00000, 0x00000007c6e00000, 0x0000000800000000)
  eden space 132096K, 99% used [0x00000007aae00000,0x00000007b2efb120,0x00000007b2f00000)
  from space 10752K, 93% used [0x00000007b2f00000,0x00000007b38d8690,0x00000007b3980000)
  to   space 102912K, 0% used [0x00000007c0980000,0x00000007c0980000,0x00000007c6e00000)
 ParOldGen       total 555008K, used 322871K [0x0000000700a00000, 0x0000000722800000, 0x00000007aae00000)
  object space 555008K, 58% used [0x0000000700a00000,0x000000071454dc28,0x0000000722800000)
 PSPermGen       total 40960K, used 18061K [0x00000006fb800000, 0x00000006fe000000, 0x0000000700a00000)
  object space 40960K, 44% used [0x00000006fb800000,0x00000006fc9a3580,0x00000006fe000000)
Event: 3.299 GC heap after
Heap after GC invocations=8 (full 2):
 PSYoungGen      total 315392K, used 102864K [0x00000007aae00000, 0x00000007c7a80000, 0x0000000800000000)
  eden space 212480K, 0% used [0x00000007aae00000,0x00000007aae00000,0x00000007b7d80000)
  from space 102912K, 99% used [0x00000007c0980000,0x00000007c6df42e0,0x00000007c6e00000)
  to   space 129536K, 0% used [0x00000007b7d80000,0x00000007b7d80000,0x00000007bfc00000)
 ParOldGen       total 555008K, used 361373K [0x0000000700a00000, 0x0000000722800000, 0x00000007aae00000)
  object space 555008K, 65% used [0x0000000700a00000,0x0000000716ae7538,0x0000000722800000)
 PSPermGen       total 40960K, used 18061K [0x00000006fb800000, 0x00000006fe000000, 0x0000000700a00000)
  object space 40960K, 44% used [0x00000006fb800000,0x00000006fc9a3580,0x00000006fe000000)
}
Event: 3.328 GC heap before
{Heap before GC invocations=9 (full 2):
 PSYoungGen      total 315392K, used 315280K [0x00000007aae00000, 0x00000007c7a80000, 0x0000000800000000)
  eden space 212480K, 99% used [0x00000007aae00000,0x00000007b7d6fd70,0x00000007b7d80000)
  from space 102912K, 99% used [0x00000007c0980000,0x00000007c6df42e0,0x00000007c6e00000)
  to   space 129536K, 0% used [0x00000007b7d80000,0x00000007b7d80000,0x00000007bfc00000)
 ParOldGen       total 555008K, used 361373K [0x0000000700a00000, 0x0000000722800000, 0x00000007aae00000)
  object space 555008K, 65% used [0x0000000700a00000,0x0000000716ae7538,0x0000000722800000)
 PSPermGen       total 40960K, used 18061K [0x00000006fb800000, 0x00000006fe000000, 0x0000000700a00000)
  object space 40960K, 44% used [0x00000006fb800000,0x00000006fc9a3580,0x00000006fe000000)
Event: 3.397 GC heap after
Heap after GC invocations=9 (full 2):
 PSYoungGen      total 342016K, used 129493K [0x00000007aae00000, 0x00000007d3a80000, 0x0000000800000000)
  eden space 212480K, 0% used [0x00000007aae00000,0x00000007aae00000,0x00000007b7d80000)
  from space 129536K, 99% used [0x00000007b7d80000,0x00000007bfbf5430,0x00000007bfc00000)
  to   space 159232K, 0% used [0x00000007c9f00000,0x00000007c9f00000,0x00000007d3a80000)
 ParOldGen       total 555008K, used 546779K [0x0000000700a00000, 0x0000000722800000, 0x00000007aae00000)
  object space 555008K, 98% used [0x0000000700a00000,0x0000000721ff6de8,0x0000000722800000)
 PSPermGen       total 40960K, used 18061K [0x00000006fb800000, 0x00000006fe000000, 0x0000000700a00000)
  object space 40960K, 44% used [0x00000006fb800000,0x00000006fc9a3580,0x00000006fe000000)
}
Event: 3.397 GC heap before
{Heap before GC invocations=10 (full 3):
 PSYoungGen      total 342016K, used 129493K [0x00000007aae00000, 0x00000007d3a80000, 0x0000000800000000)
  eden space 212480K, 0% used [0x00000007aae00000,0x00000007aae00000,0x00000007b7d80000)
  from space 129536K, 99% used [0x00000007b7d80000,0x00000007bfbf5430,0x00000007bfc00000)
  to   space 159232K, 0% used [0x00000007c9f00000,0x00000007c9f00000,0x00000007d3a80000)
 ParOldGen       total 555008K, used 546779K [0x0000000700a00000, 0x0000000722800000, 0x00000007aae00000)
  object space 555008K, 98% used [0x0000000700a00000,0x0000000721ff6de8,0x0000000722800000)
 PSPermGen       total 40960K, used 18061K [0x00000006fb800000, 0x00000006fe000000, 0x0000000700a00000)
  object space 40960K, 44% used [0x00000006fb800000,0x00000006fc9a3580,0x00000006fe000000)
Event: 3.457 GC heap after
Heap after GC invocations=10 (full 3):
 PSYoungGen      total 342016K, used 121268K [0x00000007aae00000, 0x00000007d3a80000, 0x0000000800000000)
  eden space 212480K, 0% used [0x00000007aae00000,0x00000007aae00000,0x00000007b7d80000)
  from space 129536K, 93% used [0x00000007b7d80000,0x00000007bf3ed3a0,0x00000007bfc00000)
  to   space 159232K, 0% used [0x00000007c9f00000,0x00000007c9f00000,0x00000007d3a80000)
 ParOldGen       total 855040K, used 554844K [0x0000000700a00000, 0x0000000734d00000, 0x00000007aae00000)
  object space 855040K, 64% used [0x0000000700a00000,0x00000007227d73f0,0x0000000734d00000)
 PSPermGen       total 39424K, used 18061K [0x00000006fb800000, 0x00000006fde80000, 0x0000000700a00000)
  object space 39424K, 45% used [0x00000006fb800000,0x00000006fc9a3580,0x00000006fde80000)
}

