# JRE version: Java(TM) SE Runtime Environment (7.0_51-b13) (build 1.7.0_51-b13)
# Java VM: Java HotSpot(TM) 64-Bit Server VM (24.51-b03 mixed mode windows-amd64 compressed oops)
Heap
 PSYoungGen      total 350208K, used 242385K [0x00000007aae00000, 0x00000007cc300000, 0x0000000800000000)
  eden space 203776K, 51% used [0x00000007aae00000,0x00000007b138c708,0x00000007b7500000)
  from space 146432K, 94% used [0x00000007c2880000,0x00000007cafa8000,0x00000007cb780000)
  to   space 171008K, 0% used [0x00000007b7500000,0x00000007b7500000,0x00000007c1c00000)
 ParOldGen       total 563712K, used 327170K [0x0000000700a00000, 0x0000000723080000, 0x00000007aae00000)
  object space 563712K, 58% used [0x0000000700a00000,0x0000000714980a18,0x0000000723080000)
 PSPermGen       total 37376K, used 16639K [0x00000006fb800000, 0x00000006fdc80000, 0x0000000700a00000)
  object space 37376K, 44% used [0x00000006fb800000,0x00000006fc83fcd0,0x00000006fdc80000)
GC Heap History (10 events):
Event: 2.504 GC heap before
{Heap before GC invocations=4 (full 1):
 PSYoungGen      total 76800K, used 10736K [0x00000007aae00000, 0x00000007b4400000, 0x0000000800000000)
  eden space 66048K, 0% used [0x00000007aae00000,0x00000007aae00000,0x00000007aee80000)
  from space 10752K, 99% used [0x00000007aee80000,0x00000007af8fc010,0x00000007af900000)
  to   space 10752K, 0% used [0x00000007b3980000,0x00000007b3980000,0x00000007b4400000)
 ParOldGen       total 174080K, used 134748K [0x0000000700a00000, 0x000000070b400000, 0x00000007aae00000)
  object space 174080K, 77% used [0x0000000700a00000,0x0000000708d97178,0x000000070b400000)
 PSPermGen       total 21504K, used 16601K [0x00000006fb800000, 0x00000006fcd00000, 0x0000000700a00000)
  object space 21504K, 77% used [0x00000006fb800000,0x00000006fc8367d0,0x00000006fcd00000)
Event: 2.610 GC heap after
Heap after GC invocations=4 (full 1):
 PSYoungGen      total 76800K, used 0K [0x00000007aae00000, 0x00000007b4400000, 0x0000000800000000)
  eden space 66048K, 0% used [0x00000007aae00000,0x00000007aae00000,0x00000007aee80000)
  from space 10752K, 0% used [0x00000007aee80000,0x00000007aee80000,0x00000007af900000)
  to   space 10752K, 0% used [0x00000007b3980000,0x00000007b3980000,0x00000007b4400000)
 ParOldGen       total 309760K, used 143876K [0x0000000700a00000, 0x0000000713880000, 0x00000007aae00000)
  object space 309760K, 46% used [0x0000000700a00000,0x0000000709681380,0x0000000713880000)
 PSPermGen       total 33280K, used 16597K [0x00000006fb800000, 0x00000006fd880000, 0x0000000700a00000)
  object space 33280K, 49% used [0x00000006fb800000,0x00000006fc835460,0x00000006fd880000)
}
Event: 2.620 GC heap before
{Heap before GC invocations=5 (full 1):
 PSYoungGen      total 76800K, used 66048K [0x00000007aae00000, 0x00000007b4400000, 0x0000000800000000)
  eden space 66048K, 100% used [0x00000007aae00000,0x00000007aee80000,0x00000007aee80000)
  from space 10752K, 0% used [0x00000007aee80000,0x00000007aee80000,0x00000007af900000)
  to   space 10752K, 0% used [0x00000007b3980000,0x00000007b3980000,0x00000007b4400000)
 ParOldGen       total 309760K, used 143876K [0x0000000700a00000, 0x0000000713880000, 0x00000007aae00000)
  object space 309760K, 46% used [0x0000000700a00000,0x0000000709681380,0x0000000713880000)
 PSPermGen       total 33280K, used 16597K [0x00000006fb800000, 0x00000006fd880000, 0x0000000700a00000)
  object space 33280K, 49% used [0x00000006fb800000,0x00000006fc835460,0x00000006fd880000)
Event: 2.637 GC heap after
Heap after GC invocations=5 (full 1):
 PSYoungGen      total 136704K, used 10752K [0x00000007aae00000, 0x00000007b4400000, 0x0000000800000000)
  eden space 125952K, 0% used [0x00000007aae00000,0x00000007aae00000,0x00000007b2900000)
  from space 10752K, 100% used [0x00000007b3980000,0x00000007b4400000,0x00000007b4400000)
  to   space 10752K, 0% used [0x00000007b2f00000,0x00000007b2f00000,0x00000007b3980000)
 ParOldGen       total 309760K, used 198844K [0x0000000700a00000, 0x0000000713880000, 0x00000007aae00000)
  object space 309760K, 64% used [0x0000000700a00000,0x000000070cc2f380,0x0000000713880000)
 PSPermGen       total 33280K, used 16597K [0x00000006fb800000, 0x00000006fd880000, 0x0000000700a00000)
  object space 33280K, 49% used [0x00000006fb800000,0x00000006fc835460,0x00000006fd880000)
}
Event: 2.661 GC heap before
{Heap before GC invocations=6 (full 1):
 PSYoungGen      total 136704K, used 136704K [0x00000007aae00000, 0x00000007b4400000, 0x0000000800000000)
  eden space 125952K, 100% used [0x00000007aae00000,0x00000007b2900000,0x00000007b2900000)
  from space 10752K, 100% used [0x00000007b3980000,0x00000007b4400000,0x00000007b4400000)
  to   space 10752K, 0% used [0x00000007b2f00000,0x00000007b2f00000,0x00000007b3980000)
 ParOldGen       total 309760K, used 198844K [0x0000000700a00000, 0x0000000713880000, 0x00000007aae00000)
  object space 309760K, 64% used [0x0000000700a00000,0x000000070cc2f380,0x0000000713880000)
 PSPermGen       total 33280K, used 16597K [0x00000006fb800000, 0x00000006fd880000, 0x0000000700a00000)
  object space 33280K, 49% used [0x00000006fb800000,0x00000006fc835460,0x00000006fd880000)
Event: 2.696 GC heap after
Heap after GC invocations=6 (full 1):
 PSYoungGen      total 142848K, used 10752K [0x00000007aae00000, 0x00000007cb780000, 0x0000000800000000)
  eden space 132096K, 0% used [0x00000007aae00000,0x00000007aae00000,0x00000007b2f00000)
  from space 10752K, 100% used [0x00000007b2f00000,0x00000007b3980000,0x00000007b3980000)
  to   space 146432K, 0% used [0x00000007c2880000,0x00000007c2880000,0x00000007cb780000)
 ParOldGen       total 327680K, used 325660K [0x0000000700a00000, 0x0000000714a00000, 0x00000007aae00000)
  object space 327680K, 99% used [0x0000000700a00000,0x0000000714807380,0x0000000714a00000)
 PSPermGen       total 33280K, used 16597K [0x00000006fb800000, 0x00000006fd880000, 0x0000000700a00000)
  object space 33280K, 49% used [0x00000006fb800000,0x00000006fc835460,0x00000006fd880000)
}
Event: 2.696 GC heap before
{Heap before GC invocations=7 (full 2):
 PSYoungGen      total 142848K, used 10752K [0x00000007aae00000, 0x00000007cb780000, 0x0000000800000000)
  eden space 132096K, 0% used [0x00000007aae00000,0x00000007aae00000,0x00000007b2f00000)
  from space 10752K, 100% used [0x00000007b2f00000,0x00000007b3980000,0x00000007b3980000)
  to   space 146432K, 0% used [0x00000007c2880000,0x00000007c2880000,0x00000007cb780000)
 ParOldGen       total 327680K, used 325660K [0x0000000700a00000, 0x0000000714a00000, 0x00000007aae00000)
  object space 327680K, 99% used [0x0000000700a00000,0x0000000714807380,0x0000000714a00000)
 PSPermGen       total 33280K, used 16597K [0x00000006fb800000, 0x00000006fd880000, 0x0000000700a00000)
  object space 33280K, 49% used [0x00000006fb800000,0x00000006fc835460,0x00000006fd880000)
Event: 2.796 GC heap after
Heap after GC invocations=7 (full 2):
 PSYoungGen      total 142848K, used 6120K [0x00000007aae00000, 0x00000007cb780000, 0x0000000800000000)
  eden space 132096K, 0% used [0x00000007aae00000,0x00000007aae00000,0x00000007b2f00000)
  from space 10752K, 56% used [0x00000007b2f00000,0x00000007b34fa1c0,0x00000007b3980000)
  to   space 146432K, 0% used [0x00000007c2880000,0x00000007c2880000,0x00000007cb780000)
 ParOldGen       total 563712K, used 327170K [0x0000000700a00000, 0x0000000723080000, 0x00000007aae00000)
  object space 563712K, 58% used [0x0000000700a00000,0x0000000714980a18,0x0000000723080000)
 PSPermGen       total 37376K, used 16597K [0x00000006fb800000, 0x00000006fdc80000, 0x0000000700a00000)
  object space 37376K, 44% used [0x00000006fb800000,0x00000006fc835460,0x00000006fdc80000)
}
Event: 3.245 GC heap before
{Heap before GC invocations=8 (full 2):
 PSYoungGen      total 142848K, used 138216K [0x00000007aae00000, 0x00000007cb780000, 0x0000000800000000)
  eden space 132096K, 100% used [0x00000007aae00000,0x00000007b2f00000,0x00000007b2f00000)
  from space 10752K, 56% used [0x00000007b2f00000,0x00000007b34fa1c0,0x00000007b3980000)
  to   space 146432K, 0% used [0x00000007c2880000,0x00000007c2880000,0x00000007cb780000)
 ParOldGen       total 563712K, used 327170K [0x0000000700a00000, 0x0000000723080000, 0x00000007aae00000)
  object space 563712K, 58% used [0x0000000700a00000,0x0000000714980a18,0x0000000723080000)
 PSPermGen       total 37376K, used 16612K [0x00000006fb800000, 0x00000006fdc80000, 0x0000000700a00000)
  object space 37376K, 44% used [0x00000006fb800000,0x00000006fc8390b0,0x00000006fdc80000)
Event: 3.288 GC heap after
Heap after GC invocations=8 (full 2):
 PSYoungGen      total 350208K, used 138400K [0x00000007aae00000, 0x00000007cc300000, 0x0000000800000000)
  eden space 203776K, 0% used [0x00000007aae00000,0x00000007aae00000,0x00000007b7500000)
  from space 146432K, 94% used [0x00000007c2880000,0x00000007cafa8000,0x00000007cb780000)
  to   space 171008K, 0% used [0x00000007b7500000,0x00000007b7500000,0x00000007c1c00000)
 ParOldGen       total 563712K, used 327170K [0x0000000700a00000, 0x0000000723080000, 0x00000007aae00000)
  object space 563712K, 58% used [0x0000000700a00000,0x0000000714980a18,0x0000000723080000)
 PSPermGen       total 37376K, used 16612K [0x00000006fb800000, 0x00000006fdc80000, 0x0000000700a00000)
  object space 37376K, 44% used [0x00000006fb800000,0x00000006fc8390b0,0x00000006fdc80000)
}

